<?xml version="1.0" encoding="UTF-8"?>
<!-- Generated by org.testng.reporters.JUnitXMLReporter -->
<testsuite hostname="DESKTOP-QQHIPVQ" ignored="0" name="Test" tests="4" failures="0" timestamp="24 Mar 2021 07:44:29 GMT" time="0.071" errors="0">
  <testcase name="BrowserAutomation" time="0.016" classname="qaclickacademy.SeleniumTest"/>
  <testcase name="elementsUI" time="0.002" classname="qaclickacademy.SeleniumTest"/>
  <testcase name="deleteTwitter" time="0.005" classname="qaclickacademy.RestAPITest"/>
  <testcase name="postJira" time="0.002" classname="qaclickacademy.RestAPITest"/>
</testsuite> <!-- Test -->
