<?xml version="1.0" encoding="UTF-8"?>
<!-- Generated by org.testng.reporters.JUnitXMLReporter -->
<testsuite hostname="DESKTOP-QQHIPVQ" ignored="0" name="Test" tests="6" failures="0" timestamp="13 May 2021 04:04:23 GMT" time="0.088" errors="0">
  <testcase name="BrowserAutomation" time="0.024" classname="qaclickacademy.SeleniumTest"/>
  <testcase name="elementsUI" time="0.001" classname="qaclickacademy.SeleniumTest"/>
  <testcase name="deleteTwitter" time="0.001" classname="qaclickacademy.RestAPITest"/>
  <testcase name="postJira" time="0.001" classname="qaclickacademy.RestAPITest"/>
  <testcase name="NativeAppAndroid" time="0.001" classname="qaclickacademy.AppiumTest"/>
  <testcase name="iOSApps" time="0.001" classname="qaclickacademy.AppiumTest"/>
</testsuite> <!-- Test -->
