<?xml version="1.0" encoding="UTF-8"?>
<testng-results skipped="0" failed="0" ignored="0" total="6" passed="6">
  <reporter-output>
  </reporter-output>
  <suite name="Suite" duration-ms="88" started-at="2021-05-13T04:04:22Z" finished-at="2021-05-13T04:04:22Z">
    <groups>
    </groups>
    <test name="Test" duration-ms="88" started-at="2021-05-13T04:04:22Z" finished-at="2021-05-13T04:04:22Z">
      <class name="qaclickacademy.AppiumTest">
        <test-method status="PASS" signature="NativeAppAndroid()[pri:0, instance:qaclickacademy.AppiumTest@6cc4c815]" name="NativeAppAndroid" duration-ms="1" started-at="2021-05-13T04:04:22Z" finished-at="2021-05-13T04:04:22Z">
          <reporter-output>
          </reporter-output>
        </test-method> <!-- NativeAppAndroid -->
        <test-method status="PASS" signature="iOSApps()[pri:0, instance:qaclickacademy.AppiumTest@6cc4c815]" name="iOSApps" duration-ms="1" started-at="2021-05-13T04:04:22Z" finished-at="2021-05-13T04:04:22Z">
          <reporter-output>
          </reporter-output>
        </test-method> <!-- iOSApps -->
      </class> <!-- qaclickacademy.AppiumTest -->
      <class name="qaclickacademy.RestAPITest">
        <test-method status="PASS" signature="deleteTwitter()[pri:0, instance:qaclickacademy.RestAPITest@56f4468b]" name="deleteTwitter" duration-ms="1" started-at="2021-05-13T04:04:22Z" finished-at="2021-05-13T04:04:22Z">
          <reporter-output>
          </reporter-output>
        </test-method> <!-- deleteTwitter -->
        <test-method status="PASS" signature="postJira()[pri:0, instance:qaclickacademy.RestAPITest@56f4468b]" name="postJira" duration-ms="1" started-at="2021-05-13T04:04:22Z" finished-at="2021-05-13T04:04:22Z">
          <reporter-output>
          </reporter-output>
        </test-method> <!-- postJira -->
      </class> <!-- qaclickacademy.RestAPITest -->
      <class name="qaclickacademy.SeleniumTest">
        <test-method status="PASS" signature="BrowserAutomation()[pri:0, instance:qaclickacademy.SeleniumTest@5d5eef3d]" name="BrowserAutomation" duration-ms="24" started-at="2021-05-13T04:04:22Z" finished-at="2021-05-13T04:04:22Z">
          <reporter-output>
          </reporter-output>
        </test-method> <!-- BrowserAutomation -->
        <test-method status="PASS" signature="elementsUI()[pri:0, instance:qaclickacademy.SeleniumTest@5d5eef3d]" name="elementsUI" duration-ms="1" started-at="2021-05-13T04:04:22Z" finished-at="2021-05-13T04:04:22Z">
          <reporter-output>
          </reporter-output>
        </test-method> <!-- elementsUI -->
      </class> <!-- qaclickacademy.SeleniumTest -->
    </test> <!-- Test -->
  </suite> <!-- Suite -->
</testng-results>
